commit 4f517f6a1f37186561ac5e2e5f0c930a82432647
Author: graceborges <graceborges@mail.weber.edu>
Date:   Mon Apr 1 23:43:17 2019 -0600

    adding new file

commit afafa3a3f5371b6627a8aa802217554675cb93a0
Author: graceborges <graceborges@mail.weber.edu>
Date:   Mon Apr 1 22:14:06 2019 -0600

    first commit
commit 7fee1a040578deb80dae3d6e6267d7fd89acb6e1
Author: graceborges <graceborges@mail.weber.edu>
Date:   Tue Apr 2 13:33:51 2019 -0600

    Updating file 4/2

commit 4f517f6a1f37186561ac5e2e5f0c930a82432647
Author: graceborges <graceborges@mail.weber.edu>
Date:   Mon Apr 1 23:43:17 2019 -0600

    adding new file

commit afafa3a3f5371b6627a8aa802217554675cb93a0
Author: graceborges <graceborges@mail.weber.edu>
Date:   Mon Apr 1 22:14:06 2019 -0600

    first commit
