commit 8ec8ec7d62663f73494cf6e847456fecf289ce46
Author: graceborges <graceborges@mail.weber.edu>
Date:   Mon Apr 8 22:19:14 2019 -0600

    Final rps game edits

commit 01be01d76d95204c2f0213af4035d1c9542f3ee3
Author: graceborges <graceborges@mail.weber.edu>
Date:   Mon Apr 8 22:15:40 2019 -0600

    Final collision edits

commit 64bc3cd5ae3e9d17d1377b5b581374cc965f57d1
Author: graceborges <graceborges@mail.weber.edu>
Date:   Mon Apr 8 22:12:17 2019 -0600

    Updated README file

commit 53635c488c6d6a70a0f7ff561d5eb441430b4dc1
Author: graceborges <graceborges@mail.weber.edu>
Date:   Sun Apr 7 18:36:01 2019 -0600

    Updated files 4/7, test files not done

commit c02a225eebb4ae73cceaf4ad21c537ab92c1734f
Author: graceborges <graceborges@mail.weber.edu>
Date:   Wed Apr 3 13:29:30 2019 -0600

    updated files for 4/4

commit 7fee1a040578deb80dae3d6e6267d7fd89acb6e1
Author: graceborges <graceborges@mail.weber.edu>
Date:   Tue Apr 2 13:33:51 2019 -0600

    Updating file 4/2

commit 4f517f6a1f37186561ac5e2e5f0c930a82432647
Author: graceborges <graceborges@mail.weber.edu>
Date:   Mon Apr 1 23:43:17 2019 -0600

    adding new file

commit afafa3a3f5371b6627a8aa802217554675cb93a0
Author: graceborges <graceborges@mail.weber.edu>
Date:   Mon Apr 1 22:14:06 2019 -0600

    first commit
